CRITICAL - 2023-08-15 15:02:31 --> Undefined array key "short_desc"
in APPPATH\Views\product.php on line 32.
 1 APPPATH\Views\product.php(32): CodeIgniter\Debug\Exceptions->errorHandler(2, 'Undefined array key "short_desc"', 'C:\\xampp\\htdocs\\PC04PROJECT-Ben\\app\\Views\\product.php', 32)
 2 SYSTEMPATH\View\View.php(224): include('C:\\xampp\\htdocs\\PC04PROJECT-Ben\\app\\Views\\product.php')
 3 SYSTEMPATH\View\View.php(227): CodeIgniter\View\View->CodeIgniter\View\{closure}()
 4 SYSTEMPATH\Common.php(1176): CodeIgniter\View\View->render('product', [], true)
 5 APPPATH\Controllers\product.php(27): view('product', [...])
 6 SYSTEMPATH\CodeIgniter.php(932): App\Controllers\product->product('1')
 7 SYSTEMPATH\CodeIgniter.php(497): CodeIgniter\CodeIgniter->runController(Object(App\Controllers\product))
 8 SYSTEMPATH\CodeIgniter.php(366): CodeIgniter\CodeIgniter->handleRequest(null, Object(Config\Cache), false)
 9 FCPATH\index.php(67): CodeIgniter\CodeIgniter->run()
CRITICAL - 2023-08-15 15:12:49 --> Undefined array key "taste"
in APPPATH\Views\product.php on line 34.
 1 APPPATH\Views\product.php(34): CodeIgniter\Debug\Exceptions->errorHandler(2, 'Undefined array key "taste"', 'C:\\xampp\\htdocs\\PC04PROJECT-Ben\\app\\Views\\product.php', 34)
 2 SYSTEMPATH\View\View.php(224): include('C:\\xampp\\htdocs\\PC04PROJECT-Ben\\app\\Views\\product.php')
 3 SYSTEMPATH\View\View.php(227): CodeIgniter\View\View->CodeIgniter\View\{closure}()
 4 SYSTEMPATH\Common.php(1176): CodeIgniter\View\View->render('product', [], true)
 5 APPPATH\Controllers\product.php(27): view('product', [...])
 6 SYSTEMPATH\CodeIgniter.php(932): App\Controllers\product->product('2')
 7 SYSTEMPATH\CodeIgniter.php(497): CodeIgniter\CodeIgniter->runController(Object(App\Controllers\product))
 8 SYSTEMPATH\CodeIgniter.php(366): CodeIgniter\CodeIgniter->handleRequest(null, Object(Config\Cache), false)
 9 FCPATH\index.php(67): CodeIgniter\CodeIgniter->run()
