CRITICAL - 2023-08-13 18:54:42 --> Illegal offset type
in APPPATH\Controllers\product.php on line 17.
 1 SYSTEMPATH\CodeIgniter.php(932): App\Controllers\product->productList()
 2 SYSTEMPATH\CodeIgniter.php(497): CodeIgniter\CodeIgniter->runController(Object(App\Controllers\product))
 3 SYSTEMPATH\CodeIgniter.php(366): CodeIgniter\CodeIgniter->handleRequest(null, Object(Config\Cache), false)
 4 FCPATH\index.php(67): CodeIgniter\CodeIgniter->run()
CRITICAL - 2023-08-13 18:54:52 --> Illegal offset type
in APPPATH\Controllers\product.php on line 17.
 1 SYSTEMPATH\CodeIgniter.php(932): App\Controllers\product->productList()
 2 SYSTEMPATH\CodeIgniter.php(497): CodeIgniter\CodeIgniter->runController(Object(App\Controllers\product))
 3 SYSTEMPATH\CodeIgniter.php(366): CodeIgniter\CodeIgniter->handleRequest(null, Object(Config\Cache), false)
 4 FCPATH\index.php(67): CodeIgniter\CodeIgniter->run()
CRITICAL - 2023-08-13 18:55:03 --> Illegal offset type
in APPPATH\Controllers\product.php on line 17.
 1 SYSTEMPATH\CodeIgniter.php(932): App\Controllers\product->productList()
 2 SYSTEMPATH\CodeIgniter.php(497): CodeIgniter\CodeIgniter->runController(Object(App\Controllers\product))
 3 SYSTEMPATH\CodeIgniter.php(366): CodeIgniter\CodeIgniter->handleRequest(null, Object(Config\Cache), false)
 4 FCPATH\index.php(67): CodeIgniter\CodeIgniter->run()
CRITICAL - 2023-08-13 18:55:09 --> Illegal offset type
in APPPATH\Controllers\product.php on line 17.
 1 SYSTEMPATH\CodeIgniter.php(932): App\Controllers\product->productList()
 2 SYSTEMPATH\CodeIgniter.php(497): CodeIgniter\CodeIgniter->runController(Object(App\Controllers\product))
 3 SYSTEMPATH\CodeIgniter.php(366): CodeIgniter\CodeIgniter->handleRequest(null, Object(Config\Cache), false)
 4 FCPATH\index.php(67): CodeIgniter\CodeIgniter->run()
CRITICAL - 2023-08-13 18:55:10 --> Illegal offset type
in APPPATH\Controllers\product.php on line 17.
 1 SYSTEMPATH\CodeIgniter.php(932): App\Controllers\product->productList()
 2 SYSTEMPATH\CodeIgniter.php(497): CodeIgniter\CodeIgniter->runController(Object(App\Controllers\product))
 3 SYSTEMPATH\CodeIgniter.php(366): CodeIgniter\CodeIgniter->handleRequest(null, Object(Config\Cache), false)
 4 FCPATH\index.php(67): CodeIgniter\CodeIgniter->run()
CRITICAL - 2023-08-13 18:55:10 --> Illegal offset type
in APPPATH\Controllers\product.php on line 17.
 1 SYSTEMPATH\CodeIgniter.php(932): App\Controllers\product->productList()
 2 SYSTEMPATH\CodeIgniter.php(497): CodeIgniter\CodeIgniter->runController(Object(App\Controllers\product))
 3 SYSTEMPATH\CodeIgniter.php(366): CodeIgniter\CodeIgniter->handleRequest(null, Object(Config\Cache), false)
 4 FCPATH\index.php(67): CodeIgniter\CodeIgniter->run()
CRITICAL - 2023-08-13 18:55:54 --> Illegal offset type
in APPPATH\Controllers\product.php on line 17.
 1 SYSTEMPATH\CodeIgniter.php(932): App\Controllers\product->productList()
 2 SYSTEMPATH\CodeIgniter.php(497): CodeIgniter\CodeIgniter->runController(Object(App\Controllers\product))
 3 SYSTEMPATH\CodeIgniter.php(366): CodeIgniter\CodeIgniter->handleRequest(null, Object(Config\Cache), false)
 4 FCPATH\index.php(67): CodeIgniter\CodeIgniter->run()
CRITICAL - 2023-08-13 18:55:54 --> Illegal offset type
in APPPATH\Controllers\product.php on line 17.
 1 SYSTEMPATH\CodeIgniter.php(932): App\Controllers\product->productList()
 2 SYSTEMPATH\CodeIgniter.php(497): CodeIgniter\CodeIgniter->runController(Object(App\Controllers\product))
 3 SYSTEMPATH\CodeIgniter.php(366): CodeIgniter\CodeIgniter->handleRequest(null, Object(Config\Cache), false)
 4 FCPATH\index.php(67): CodeIgniter\CodeIgniter->run()
