ERROR - 2023-08-20 11:52:59 --> Error connecting to the database: mysqli_sql_exception: Access denied for user 'pc04project'@'localhost' to database 'pc04project' in C:\xampp\htdocs\PC04PROJECT-Ben\system\Database\MySQLi\Connection.php:173
Stack trace:
#0 C:\xampp\htdocs\PC04PROJECT-Ben\system\Database\MySQLi\Connection.php(173): mysqli->real_connect('localhost', 'pc04project', Object(SensitiveParameterValue), 'pc04project', 3306, '', 0)
#1 C:\xampp\htdocs\PC04PROJECT-Ben\system\Database\BaseConnection.php(391): CodeIgniter\Database\MySQLi\Connection->connect(false)
#2 C:\xampp\htdocs\PC04PROJECT-Ben\system\Database\BaseConnection.php(574): CodeIgniter\Database\BaseConnection->initialize()
#3 C:\xampp\htdocs\PC04PROJECT-Ben\system\Database\BaseBuilder.php(1616): CodeIgniter\Database\BaseConnection->query('SELECT *\nFROM `...', Array, false)
#4 C:\xampp\htdocs\PC04PROJECT-Ben\system\Model.php(241): CodeIgniter\Database\BaseBuilder->get()
#5 C:\xampp\htdocs\PC04PROJECT-Ben\system\BaseModel.php(618): CodeIgniter\Model->doFindAll(0, 0)
#6 C:\xampp\htdocs\PC04PROJECT-Ben\app\Controllers\product.php(16): CodeIgniter\BaseModel->findAll()
#7 C:\xampp\htdocs\PC04PROJECT-Ben\system\CodeIgniter.php(932): App\Controllers\product->productList()
#8 C:\xampp\htdocs\PC04PROJECT-Ben\system\CodeIgniter.php(497): CodeIgniter\CodeIgniter->runController(Object(App\Controllers\product))
#9 C:\xampp\htdocs\PC04PROJECT-Ben\system\CodeIgniter.php(366): CodeIgniter\CodeIgniter->handleRequest(NULL, Object(Config\Cache), false)
#10 C:\xampp\htdocs\PC04PROJECT-Ben\public\index.php(67): CodeIgniter\CodeIgniter->run()
#11 {main}

Next CodeIgniter\Database\Exceptions\DatabaseException: Access denied for user '****'@'localhost' to database '****' in C:\xampp\htdocs\PC04PROJECT-Ben\system\Database\MySQLi\Connection.php:218
Stack trace:
#0 C:\xampp\htdocs\PC04PROJECT-Ben\system\Database\BaseConnection.php(391): CodeIgniter\Database\MySQLi\Connection->connect(false)
#1 C:\xampp\htdocs\PC04PROJECT-Ben\system\Database\BaseConnection.php(574): CodeIgniter\Database\BaseConnection->initialize()
#2 C:\xampp\htdocs\PC04PROJECT-Ben\system\Database\BaseBuilder.php(1616): CodeIgniter\Database\BaseConnection->query('SELECT *\nFROM `...', Array, false)
#3 C:\xampp\htdocs\PC04PROJECT-Ben\system\Model.php(241): CodeIgniter\Database\BaseBuilder->get()
#4 C:\xampp\htdocs\PC04PROJECT-Ben\system\BaseModel.php(618): CodeIgniter\Model->doFindAll(0, 0)
#5 C:\xampp\htdocs\PC04PROJECT-Ben\app\Controllers\product.php(16): CodeIgniter\BaseModel->findAll()
#6 C:\xampp\htdocs\PC04PROJECT-Ben\system\CodeIgniter.php(932): App\Controllers\product->productList()
#7 C:\xampp\htdocs\PC04PROJECT-Ben\system\CodeIgniter.php(497): CodeIgniter\CodeIgniter->runController(Object(App\Controllers\product))
#8 C:\xampp\htdocs\PC04PROJECT-Ben\system\CodeIgniter.php(366): CodeIgniter\CodeIgniter->handleRequest(NULL, Object(Config\Cache), false)
#9 C:\xampp\htdocs\PC04PROJECT-Ben\public\index.php(67): CodeIgniter\CodeIgniter->run()
#10 {main}
CRITICAL - 2023-08-20 11:52:59 --> Unable to connect to the database.
Main connection [MySQLi]: Access denied for user '****'@'localhost' to database '****'
in SYSTEMPATH\Database\BaseConnection.php on line 427.
 1 SYSTEMPATH\Database\BaseConnection.php(574): CodeIgniter\Database\BaseConnection->initialize()
 2 SYSTEMPATH\Database\BaseBuilder.php(1616): CodeIgniter\Database\BaseConnection->query('SELECT *
FROM `product`', [], false)
 3 SYSTEMPATH\Model.php(241): CodeIgniter\Database\BaseBuilder->get()
 4 SYSTEMPATH\BaseModel.php(618): CodeIgniter\Model->doFindAll(0, 0)
 5 APPPATH\Controllers\product.php(16): CodeIgniter\BaseModel->findAll()
 6 SYSTEMPATH\CodeIgniter.php(932): App\Controllers\product->productList()
 7 SYSTEMPATH\CodeIgniter.php(497): CodeIgniter\CodeIgniter->runController(Object(App\Controllers\product))
 8 SYSTEMPATH\CodeIgniter.php(366): CodeIgniter\CodeIgniter->handleRequest(null, Object(Config\Cache), false)
 9 FCPATH\index.php(67): CodeIgniter\CodeIgniter->run()
CRITICAL - 2023-08-20 12:12:08 --> Invalid file: "singup_login.php"
in SYSTEMPATH\Exceptions\FrameworkException.php on line 33.
 1 SYSTEMPATH\View\View.php(212): CodeIgniter\Exceptions\FrameworkException::forInvalidFile('singup_login.php')
 2 SYSTEMPATH\Common.php(1176): CodeIgniter\View\View->render('singup_login', [], true)
 3 APPPATH\Controllers\user.php(16): view('singup_login')
 4 SYSTEMPATH\CodeIgniter.php(932): App\Controllers\user->signup_login()
 5 SYSTEMPATH\CodeIgniter.php(497): CodeIgniter\CodeIgniter->runController(Object(App\Controllers\user))
 6 SYSTEMPATH\CodeIgniter.php(366): CodeIgniter\CodeIgniter->handleRequest(null, Object(Config\Cache), false)
 7 FCPATH\index.php(67): CodeIgniter\CodeIgniter->run()
CRITICAL - 2023-08-20 12:18:16 --> Undefined variable $single_p
in APPPATH\Views\signup_login.php on line 24.
 1 APPPATH\Views\signup_login.php(24): CodeIgniter\Debug\Exceptions->errorHandler(2, 'Undefined variable $single_p', 'C:\\xampp\\htdocs\\PC04PROJECT-Ben\\app\\Views\\signup_login.php', 24)
 2 SYSTEMPATH\View\View.php(224): include('C:\\xampp\\htdocs\\PC04PROJECT-Ben\\app\\Views\\signup_login.php')
 3 SYSTEMPATH\View\View.php(227): CodeIgniter\View\View->CodeIgniter\View\{closure}()
 4 SYSTEMPATH\Common.php(1176): CodeIgniter\View\View->render('signup_login', [], true)
 5 APPPATH\Controllers\user.php(16): view('signup_login')
 6 SYSTEMPATH\CodeIgniter.php(932): App\Controllers\user->signup_login()
 7 SYSTEMPATH\CodeIgniter.php(497): CodeIgniter\CodeIgniter->runController(Object(App\Controllers\user))
 8 SYSTEMPATH\CodeIgniter.php(366): CodeIgniter\CodeIgniter->handleRequest(null, Object(Config\Cache), false)
 9 FCPATH\index.php(67): CodeIgniter\CodeIgniter->run()
CRITICAL - 2023-08-20 12:18:33 --> Undefined variable $single_p
in APPPATH\Views\signup_login.php on line 24.
 1 APPPATH\Views\signup_login.php(24): CodeIgniter\Debug\Exceptions->errorHandler(2, 'Undefined variable $single_p', 'C:\\xampp\\htdocs\\PC04PROJECT-Ben\\app\\Views\\signup_login.php', 24)
 2 SYSTEMPATH\View\View.php(224): include('C:\\xampp\\htdocs\\PC04PROJECT-Ben\\app\\Views\\signup_login.php')
 3 SYSTEMPATH\View\View.php(227): CodeIgniter\View\View->CodeIgniter\View\{closure}()
 4 SYSTEMPATH\Common.php(1176): CodeIgniter\View\View->render('signup_login', [], true)
 5 APPPATH\Controllers\user.php(16): view('signup_login')
 6 SYSTEMPATH\CodeIgniter.php(932): App\Controllers\user->signup_login()
 7 SYSTEMPATH\CodeIgniter.php(497): CodeIgniter\CodeIgniter->runController(Object(App\Controllers\user))
 8 SYSTEMPATH\CodeIgniter.php(366): CodeIgniter\CodeIgniter->handleRequest(null, Object(Config\Cache), false)
 9 FCPATH\index.php(67): CodeIgniter\CodeIgniter->run()
CRITICAL - 2023-08-20 12:18:33 --> Undefined variable $single_p
in APPPATH\Views\signup_login.php on line 24.
 1 APPPATH\Views\signup_login.php(24): CodeIgniter\Debug\Exceptions->errorHandler(2, 'Undefined variable $single_p', 'C:\\xampp\\htdocs\\PC04PROJECT-Ben\\app\\Views\\signup_login.php', 24)
 2 SYSTEMPATH\View\View.php(224): include('C:\\xampp\\htdocs\\PC04PROJECT-Ben\\app\\Views\\signup_login.php')
 3 SYSTEMPATH\View\View.php(227): CodeIgniter\View\View->CodeIgniter\View\{closure}()
 4 SYSTEMPATH\Common.php(1176): CodeIgniter\View\View->render('signup_login', [], true)
 5 APPPATH\Controllers\user.php(16): view('signup_login')
 6 SYSTEMPATH\CodeIgniter.php(932): App\Controllers\user->signup_login()
 7 SYSTEMPATH\CodeIgniter.php(497): CodeIgniter\CodeIgniter->runController(Object(App\Controllers\user))
 8 SYSTEMPATH\CodeIgniter.php(366): CodeIgniter\CodeIgniter->handleRequest(null, Object(Config\Cache), false)
 9 FCPATH\index.php(67): CodeIgniter\CodeIgniter->run()
CRITICAL - 2023-08-20 12:18:33 --> Undefined variable $single_p
in APPPATH\Views\signup_login.php on line 24.
 1 APPPATH\Views\signup_login.php(24): CodeIgniter\Debug\Exceptions->errorHandler(2, 'Undefined variable $single_p', 'C:\\xampp\\htdocs\\PC04PROJECT-Ben\\app\\Views\\signup_login.php', 24)
 2 SYSTEMPATH\View\View.php(224): include('C:\\xampp\\htdocs\\PC04PROJECT-Ben\\app\\Views\\signup_login.php')
 3 SYSTEMPATH\View\View.php(227): CodeIgniter\View\View->CodeIgniter\View\{closure}()
 4 SYSTEMPATH\Common.php(1176): CodeIgniter\View\View->render('signup_login', [], true)
 5 APPPATH\Controllers\user.php(16): view('signup_login')
 6 SYSTEMPATH\CodeIgniter.php(932): App\Controllers\user->signup_login()
 7 SYSTEMPATH\CodeIgniter.php(497): CodeIgniter\CodeIgniter->runController(Object(App\Controllers\user))
 8 SYSTEMPATH\CodeIgniter.php(366): CodeIgniter\CodeIgniter->handleRequest(null, Object(Config\Cache), false)
 9 FCPATH\index.php(67): CodeIgniter\CodeIgniter->run()
CRITICAL - 2023-08-20 12:19:06 --> Undefined variable $single_p
in APPPATH\Views\signup_login.php on line 24.
 1 APPPATH\Views\signup_login.php(24): CodeIgniter\Debug\Exceptions->errorHandler(2, 'Undefined variable $single_p', 'C:\\xampp\\htdocs\\PC04PROJECT-Ben\\app\\Views\\signup_login.php', 24)
 2 SYSTEMPATH\View\View.php(224): include('C:\\xampp\\htdocs\\PC04PROJECT-Ben\\app\\Views\\signup_login.php')
 3 SYSTEMPATH\View\View.php(227): CodeIgniter\View\View->CodeIgniter\View\{closure}()
 4 SYSTEMPATH\Common.php(1176): CodeIgniter\View\View->render('signup_login', [], true)
 5 APPPATH\Controllers\user.php(16): view('signup_login')
 6 SYSTEMPATH\CodeIgniter.php(932): App\Controllers\user->signup_login()
 7 SYSTEMPATH\CodeIgniter.php(497): CodeIgniter\CodeIgniter->runController(Object(App\Controllers\user))
 8 SYSTEMPATH\CodeIgniter.php(366): CodeIgniter\CodeIgniter->handleRequest(null, Object(Config\Cache), false)
 9 FCPATH\index.php(67): CodeIgniter\CodeIgniter->run()
INFO - 2023-08-20 13:44:25 --> Session: Class initialized using 'CodeIgniter\Session\Handlers\FileHandler' driver.
INFO - 2023-08-20 14:58:51 --> Session: Class initialized using 'CodeIgniter\Session\Handlers\FileHandler' driver.
INFO - 2023-08-20 14:58:57 --> Session: Class initialized using 'CodeIgniter\Session\Handlers\FileHandler' driver.
INFO - 2023-08-20 15:05:17 --> Session: Class initialized using 'CodeIgniter\Session\Handlers\FileHandler' driver.
INFO - 2023-08-20 15:06:21 --> Session: Class initialized using 'CodeIgniter\Session\Handlers\FileHandler' driver.
INFO - 2023-08-20 15:06:29 --> Session: Class initialized using 'CodeIgniter\Session\Handlers\FileHandler' driver.
CRITICAL - 2023-08-20 15:07:10 --> Undefined variable $is_login
in APPPATH\Views\header.php on line 27.
 1 APPPATH\Views\header.php(27): CodeIgniter\Debug\Exceptions->errorHandler(2, 'Undefined variable $is_login', 'C:\\xampp\\htdocs\\PC04PROJECT-Ben\\app\\Views\\header.php', 27)
 2 SYSTEMPATH\View\View.php(224): include('C:\\xampp\\htdocs\\PC04PROJECT-Ben\\app\\Views\\header.php')
 3 SYSTEMPATH\View\View.php(227): CodeIgniter\View\View->CodeIgniter\View\{closure}()
 4 SYSTEMPATH\Common.php(1176): CodeIgniter\View\View->render('header', [], true)
 5 APPPATH\Controllers\Home.php(9): view('header')
 6 SYSTEMPATH\CodeIgniter.php(932): App\Controllers\Home->index()
 7 SYSTEMPATH\CodeIgniter.php(497): CodeIgniter\CodeIgniter->runController(Object(App\Controllers\Home))
 8 SYSTEMPATH\CodeIgniter.php(366): CodeIgniter\CodeIgniter->handleRequest(null, Object(Config\Cache), false)
 9 FCPATH\index.php(67): CodeIgniter\CodeIgniter->run()
CRITICAL - 2023-08-20 15:08:40 --> Undefined variable $is_login
in APPPATH\Views\header.php on line 27.
 1 APPPATH\Views\header.php(27): CodeIgniter\Debug\Exceptions->errorHandler(2, 'Undefined variable $is_login', 'C:\\xampp\\htdocs\\PC04PROJECT-Ben\\app\\Views\\header.php', 27)
 2 SYSTEMPATH\View\View.php(224): include('C:\\xampp\\htdocs\\PC04PROJECT-Ben\\app\\Views\\header.php')
 3 SYSTEMPATH\View\View.php(227): CodeIgniter\View\View->CodeIgniter\View\{closure}()
 4 SYSTEMPATH\Common.php(1176): CodeIgniter\View\View->render('header', [], true)
 5 APPPATH\Controllers\Home.php(9): view('header')
 6 SYSTEMPATH\CodeIgniter.php(932): App\Controllers\Home->index()
 7 SYSTEMPATH\CodeIgniter.php(497): CodeIgniter\CodeIgniter->runController(Object(App\Controllers\Home))
 8 SYSTEMPATH\CodeIgniter.php(366): CodeIgniter\CodeIgniter->handleRequest(null, Object(Config\Cache), false)
 9 FCPATH\index.php(67): CodeIgniter\CodeIgniter->run()
INFO - 2023-08-20 15:08:45 --> Session: Class initialized using 'CodeIgniter\Session\Handlers\FileHandler' driver.
INFO - 2023-08-20 15:08:57 --> Session: Class initialized using 'CodeIgniter\Session\Handlers\FileHandler' driver.
INFO - 2023-08-20 15:09:57 --> Session: Class initialized using 'CodeIgniter\Session\Handlers\FileHandler' driver.
INFO - 2023-08-20 15:10:25 --> Session: Class initialized using 'CodeIgniter\Session\Handlers\FileHandler' driver.
INFO - 2023-08-20 15:10:30 --> Session: Class initialized using 'CodeIgniter\Session\Handlers\FileHandler' driver.
INFO - 2023-08-20 15:10:37 --> Session: Class initialized using 'CodeIgniter\Session\Handlers\FileHandler' driver.
INFO - 2023-08-20 15:10:46 --> Session: Class initialized using 'CodeIgniter\Session\Handlers\FileHandler' driver.
CRITICAL - 2023-08-20 15:10:50 --> Undefined variable $is_login
in APPPATH\Views\header.php on line 27.
 1 APPPATH\Views\header.php(27): CodeIgniter\Debug\Exceptions->errorHandler(2, 'Undefined variable $is_login', 'C:\\xampp\\htdocs\\PC04PROJECT-Ben\\app\\Views\\header.php', 27)
 2 SYSTEMPATH\View\View.php(224): include('C:\\xampp\\htdocs\\PC04PROJECT-Ben\\app\\Views\\header.php')
 3 SYSTEMPATH\View\View.php(227): CodeIgniter\View\View->CodeIgniter\View\{closure}()
 4 SYSTEMPATH\Common.php(1176): CodeIgniter\View\View->render('header', [], true)
 5 APPPATH\Controllers\Home.php(9): view('header')
 6 SYSTEMPATH\CodeIgniter.php(932): App\Controllers\Home->index()
 7 SYSTEMPATH\CodeIgniter.php(497): CodeIgniter\CodeIgniter->runController(Object(App\Controllers\Home))
 8 SYSTEMPATH\CodeIgniter.php(366): CodeIgniter\CodeIgniter->handleRequest(null, Object(Config\Cache), false)
 9 FCPATH\index.php(67): CodeIgniter\CodeIgniter->run()
INFO - 2023-08-20 15:10:52 --> Session: Class initialized using 'CodeIgniter\Session\Handlers\FileHandler' driver.
INFO - 2023-08-20 15:10:57 --> Session: Class initialized using 'CodeIgniter\Session\Handlers\FileHandler' driver.
CRITICAL - 2023-08-20 15:10:58 --> Undefined variable $is_login
in APPPATH\Views\header.php on line 27.
 1 APPPATH\Views\header.php(27): CodeIgniter\Debug\Exceptions->errorHandler(2, 'Undefined variable $is_login', 'C:\\xampp\\htdocs\\PC04PROJECT-Ben\\app\\Views\\header.php', 27)
 2 SYSTEMPATH\View\View.php(224): include('C:\\xampp\\htdocs\\PC04PROJECT-Ben\\app\\Views\\header.php')
 3 SYSTEMPATH\View\View.php(227): CodeIgniter\View\View->CodeIgniter\View\{closure}()
 4 SYSTEMPATH\Common.php(1176): CodeIgniter\View\View->render('header', [], true)
 5 APPPATH\Controllers\Home.php(19): view('header')
 6 SYSTEMPATH\CodeIgniter.php(932): App\Controllers\Home->contact()
 7 SYSTEMPATH\CodeIgniter.php(497): CodeIgniter\CodeIgniter->runController(Object(App\Controllers\Home))
 8 SYSTEMPATH\CodeIgniter.php(366): CodeIgniter\CodeIgniter->handleRequest(null, Object(Config\Cache), false)
 9 FCPATH\index.php(67): CodeIgniter\CodeIgniter->run()
INFO - 2023-08-20 15:11:01 --> Session: Class initialized using 'CodeIgniter\Session\Handlers\FileHandler' driver.
CRITICAL - 2023-08-20 15:11:03 --> Undefined variable $is_login
in APPPATH\Views\header.php on line 27.
 1 APPPATH\Views\header.php(27): CodeIgniter\Debug\Exceptions->errorHandler(2, 'Undefined variable $is_login', 'C:\\xampp\\htdocs\\PC04PROJECT-Ben\\app\\Views\\header.php', 27)
 2 SYSTEMPATH\View\View.php(224): include('C:\\xampp\\htdocs\\PC04PROJECT-Ben\\app\\Views\\header.php')
 3 SYSTEMPATH\View\View.php(227): CodeIgniter\View\View->CodeIgniter\View\{closure}()
 4 SYSTEMPATH\Common.php(1176): CodeIgniter\View\View->render('header', [], true)
 5 APPPATH\Controllers\product.php(19): view('header')
 6 SYSTEMPATH\CodeIgniter.php(932): App\Controllers\product->productList()
 7 SYSTEMPATH\CodeIgniter.php(497): CodeIgniter\CodeIgniter->runController(Object(App\Controllers\product))
 8 SYSTEMPATH\CodeIgniter.php(366): CodeIgniter\CodeIgniter->handleRequest(null, Object(Config\Cache), false)
 9 FCPATH\index.php(67): CodeIgniter\CodeIgniter->run()
INFO - 2023-08-20 15:11:08 --> Session: Class initialized using 'CodeIgniter\Session\Handlers\FileHandler' driver.
INFO - 2023-08-20 15:12:05 --> Session: Class initialized using 'CodeIgniter\Session\Handlers\FileHandler' driver.
CRITICAL - 2023-08-20 15:12:09 --> Undefined variable $is_login
in APPPATH\Views\header.php on line 27.
 1 APPPATH\Views\header.php(27): CodeIgniter\Debug\Exceptions->errorHandler(2, 'Undefined variable $is_login', 'C:\\xampp\\htdocs\\PC04PROJECT-Ben\\app\\Views\\header.php', 27)
 2 SYSTEMPATH\View\View.php(224): include('C:\\xampp\\htdocs\\PC04PROJECT-Ben\\app\\Views\\header.php')
 3 SYSTEMPATH\View\View.php(227): CodeIgniter\View\View->CodeIgniter\View\{closure}()
 4 SYSTEMPATH\Common.php(1176): CodeIgniter\View\View->render('header', [], true)
 5 APPPATH\Controllers\product.php(19): view('header')
 6 SYSTEMPATH\CodeIgniter.php(932): App\Controllers\product->productList()
 7 SYSTEMPATH\CodeIgniter.php(497): CodeIgniter\CodeIgniter->runController(Object(App\Controllers\product))
 8 SYSTEMPATH\CodeIgniter.php(366): CodeIgniter\CodeIgniter->handleRequest(null, Object(Config\Cache), false)
 9 FCPATH\index.php(67): CodeIgniter\CodeIgniter->run()
INFO - 2023-08-20 15:12:14 --> Session: Class initialized using 'CodeIgniter\Session\Handlers\FileHandler' driver.
INFO - 2023-08-20 15:12:15 --> Session: Class initialized using 'CodeIgniter\Session\Handlers\FileHandler' driver.
CRITICAL - 2023-08-20 15:12:17 --> Undefined variable $is_login
in APPPATH\Views\header.php on line 27.
 1 APPPATH\Views\header.php(27): CodeIgniter\Debug\Exceptions->errorHandler(2, 'Undefined variable $is_login', 'C:\\xampp\\htdocs\\PC04PROJECT-Ben\\app\\Views\\header.php', 27)
 2 SYSTEMPATH\View\View.php(224): include('C:\\xampp\\htdocs\\PC04PROJECT-Ben\\app\\Views\\header.php')
 3 SYSTEMPATH\View\View.php(227): CodeIgniter\View\View->CodeIgniter\View\{closure}()
 4 SYSTEMPATH\Common.php(1176): CodeIgniter\View\View->render('header', [], true)
 5 APPPATH\Controllers\Home.php(19): view('header')
 6 SYSTEMPATH\CodeIgniter.php(932): App\Controllers\Home->contact()
 7 SYSTEMPATH\CodeIgniter.php(497): CodeIgniter\CodeIgniter->runController(Object(App\Controllers\Home))
 8 SYSTEMPATH\CodeIgniter.php(366): CodeIgniter\CodeIgniter->handleRequest(null, Object(Config\Cache), false)
 9 FCPATH\index.php(67): CodeIgniter\CodeIgniter->run()
INFO - 2023-08-20 15:12:20 --> Session: Class initialized using 'CodeIgniter\Session\Handlers\FileHandler' driver.
INFO - 2023-08-20 15:13:38 --> Session: Class initialized using 'CodeIgniter\Session\Handlers\FileHandler' driver.
INFO - 2023-08-20 15:13:48 --> Session: Class initialized using 'CodeIgniter\Session\Handlers\FileHandler' driver.
INFO - 2023-08-20 15:14:04 --> Session: Class initialized using 'CodeIgniter\Session\Handlers\FileHandler' driver.
CRITICAL - 2023-08-20 15:14:09 --> Undefined variable $name
in APPPATH\Views\header.php on line 25.
 1 APPPATH\Views\header.php(25): CodeIgniter\Debug\Exceptions->errorHandler(2, 'Undefined variable $name', 'C:\\xampp\\htdocs\\PC04PROJECT-Ben\\app\\Views\\header.php', 25)
 2 SYSTEMPATH\View\View.php(224): include('C:\\xampp\\htdocs\\PC04PROJECT-Ben\\app\\Views\\header.php')
 3 SYSTEMPATH\View\View.php(227): CodeIgniter\View\View->CodeIgniter\View\{closure}()
 4 SYSTEMPATH\Common.php(1176): CodeIgniter\View\View->render('header', [], true)
 5 APPPATH\Controllers\product.php(19): view('header')
 6 SYSTEMPATH\CodeIgniter.php(932): App\Controllers\product->productList()
 7 SYSTEMPATH\CodeIgniter.php(497): CodeIgniter\CodeIgniter->runController(Object(App\Controllers\product))
 8 SYSTEMPATH\CodeIgniter.php(366): CodeIgniter\CodeIgniter->handleRequest(null, Object(Config\Cache), false)
 9 FCPATH\index.php(67): CodeIgniter\CodeIgniter->run()
INFO - 2023-08-20 15:14:16 --> Session: Class initialized using 'CodeIgniter\Session\Handlers\FileHandler' driver.
